<?xml version="1.0" encoding="UTF-8"?>
<!-- Generated by org.testng.reporters.JUnitXMLReporter -->
<testsuite hostname="VEN-LT-020" name="Prescan Manual Invoices" tests="2" failures="1" timestamp="8 Sep 2016 12:43:10 GMT" time="25.23" errors="0">
  <testcase name="AddManualPrescanInvoiceEntry" time="9.836" classname="test.java.PrescanManualInvoicesTest"/>
  <testcase name="MultipleManualPrescanInvoiceEntry" time="0.618" classname="test.java.PrescanManualInvoicesTest">
    <failure type="java.lang.AssertionError" message="Prescan Manual Invoices Module Launch Failed expected [true] but found [false]">
      <![CDATA[java.lang.AssertionError: Prescan Manual Invoices Module Launch Failed expected [true] but found [false]
	at test.java.PrescanManualInvoicesTest.MultipleManualPrescanInvoiceEntry(PrescanManualInvoicesTest.java:101)
... Removed 36 stack frames]]>
    </failure>
  </testcase> <!-- MultipleManualPrescanInvoiceEntry -->
</testsuite> <!-- Prescan Manual Invoices -->
