-------------------------------------------------------------------------------
Test set: TestSuite
-------------------------------------------------------------------------------
Tests run: 2, Failures: 1, Errors: 0, Skipped: 0, Time elapsed: 27.429 sec <<< FAILURE!
MultipleManualPrescanInvoiceEntry(test.java.PrescanManualInvoicesTest)  Time elapsed: 0.634 sec  <<< FAILURE!
java.lang.AssertionError: Prescan Manual Invoices Module Launch Failed expected [true] but found [false]
	at org.testng.Assert.fail(Assert.java:94)
	at org.testng.Assert.failNotEquals(Assert.java:513)
	at org.testng.Assert.assertTrue(Assert.java:42)
	at test.java.PrescanManualInvoicesTest.MultipleManualPrescanInvoiceEntry(PrescanManualInvoicesTest.java:101)

