<?xml version="1.0" encoding="UTF-8"?>
<testng-results skipped="0" failed="1" total="2" passed="1">
  <reporter-output>
  </reporter-output>
  <suite name="REGRESSION SUITE" duration-ms="25230" started-at="2016-09-08T12:42:45Z" finished-at="2016-09-08T12:43:10Z">
    <groups>
    </groups>
    <test name="Prescan Manual Invoices" duration-ms="25230" started-at="2016-09-08T12:42:45Z" finished-at="2016-09-08T12:43:10Z">
      <class name="test.java.PrescanManualInvoicesTest">
        <test-method status="PASS" signature="setUpTest(org.testng.ITestContext)[pri:0, instance:test.java.PrescanManualInvoicesTest@27ce24aa]" name="setUpTest" is-config="true" duration-ms="12992" started-at="2016-09-08T18:12:45Z" finished-at="2016-09-08T18:12:58Z">
          <params>
            <param index="0">
              <value>
                <![CDATA[org.testng.TestRunner@3f36b447]]>
              </value>
            </param>
          </params>
          <reporter-output>
          </reporter-output>
        </test-method> <!-- setUpTest -->
        <test-method status="PASS" signature="setUpClass()[pri:0, instance:test.java.PrescanManualInvoicesTest@27ce24aa]" name="setUpClass" is-config="true" duration-ms="0" started-at="2016-09-08T18:12:58Z" finished-at="2016-09-08T18:12:58Z">
          <reporter-output>
          </reporter-output>
        </test-method> <!-- setUpClass -->
        <test-method status="PASS" signature="beforeTestCase(java.lang.reflect.Method)[pri:0, instance:test.java.PrescanManualInvoicesTest@27ce24aa]" name="beforeTestCase" is-config="true" duration-ms="758" started-at="2016-09-08T18:12:58Z" finished-at="2016-09-08T18:12:59Z">
          <params>
            <param index="0">
              <value>
                <![CDATA[public void test.java.PrescanManualInvoicesTest.AddManualPrescanInvoiceEntry() throws java.lang.Exception]]>
              </value>
            </param>
          </params>
          <reporter-output>
          </reporter-output>
        </test-method> <!-- beforeTestCase -->
        <test-method status="PASS" signature="AddManualPrescanInvoiceEntry()[pri:0, instance:test.java.PrescanManualInvoicesTest@27ce24aa]" name="AddManualPrescanInvoiceEntry" duration-ms="9836" started-at="2016-09-08T18:12:59Z" description="1. Goto Prescan Manual invoice Page || 2. Enter Valid Invoice Details || 3. Verify Success Message || 4. Complete Batch || 5. Verify Cover Sheet || 6. Verify report.datstat_prescan table" finished-at="2016-09-08T18:13:09Z">
          <reporter-output>
          </reporter-output>
        </test-method> <!-- AddManualPrescanInvoiceEntry -->
        <test-method status="PASS" signature="beforeTestCase(java.lang.reflect.Method)[pri:0, instance:test.java.PrescanManualInvoicesTest@27ce24aa]" name="beforeTestCase" is-config="true" duration-ms="108" started-at="2016-09-08T18:13:09Z" finished-at="2016-09-08T18:13:09Z">
          <params>
            <param index="0">
              <value>
                <![CDATA[public void test.java.PrescanManualInvoicesTest.MultipleManualPrescanInvoiceEntry() throws java.lang.Exception]]>
              </value>
            </param>
          </params>
          <reporter-output>
          </reporter-output>
        </test-method> <!-- beforeTestCase -->
        <test-method status="PASS" signature="afterTestCase()[pri:0, instance:test.java.PrescanManualInvoicesTest@27ce24aa]" name="afterTestCase" is-config="true" duration-ms="0" started-at="2016-09-08T18:13:09Z" finished-at="2016-09-08T18:13:09Z">
          <reporter-output>
          </reporter-output>
        </test-method> <!-- afterTestCase -->
        <test-method status="FAIL" signature="MultipleManualPrescanInvoiceEntry()[pri:0, instance:test.java.PrescanManualInvoicesTest@27ce24aa]" name="MultipleManualPrescanInvoiceEntry" duration-ms="618" started-at="2016-09-08T18:13:09Z" description="Login||Goto Prescan Manual invoice Page||Enter Valid Invoice Details||Verify Success Message||Enter Valid Invoice Details||Verify Success Message||Complete Batch||Verify Cover Sheet||Verify report.datstat_prescan table||Search for Invoices" finished-at="2016-09-08T18:13:10Z">
          <exception class="java.lang.AssertionError">
            <message>
              <![CDATA[Prescan Manual Invoices Module Launch Failed expected [true] but found [false]]]>
            </message>
            <full-stacktrace>
              <![CDATA[java.lang.AssertionError: Prescan Manual Invoices Module Launch Failed expected [true] but found [false]
	at org.testng.Assert.fail(Assert.java:94)
	at org.testng.Assert.failNotEquals(Assert.java:513)
	at org.testng.Assert.assertTrue(Assert.java:42)
	at test.java.PrescanManualInvoicesTest.MultipleManualPrescanInvoiceEntry(PrescanManualInvoicesTest.java:101)
	at sun.reflect.NativeMethodAccessorImpl.invoke0(Native Method)
	at sun.reflect.NativeMethodAccessorImpl.invoke(NativeMethodAccessorImpl.java:62)
	at sun.reflect.DelegatingMethodAccessorImpl.invoke(DelegatingMethodAccessorImpl.java:43)
	at java.lang.reflect.Method.invoke(Method.java:498)
	at org.testng.internal.MethodInvocationHelper.invokeMethod(MethodInvocationHelper.java:86)
	at org.testng.internal.Invoker.invokeMethod(Invoker.java:643)
	at org.testng.internal.Invoker.invokeTestMethod(Invoker.java:820)
	at org.testng.internal.Invoker.invokeTestMethods(Invoker.java:1128)
	at org.testng.internal.TestMethodWorker.invokeTestMethods(TestMethodWorker.java:129)
	at org.testng.internal.TestMethodWorker.run(TestMethodWorker.java:112)
	at org.testng.TestRunner.privateRun(TestRunner.java:782)
	at org.testng.TestRunner.run(TestRunner.java:632)
	at org.testng.SuiteRunner.runTest(SuiteRunner.java:366)
	at org.testng.SuiteRunner.runSequentially(SuiteRunner.java:361)
	at org.testng.SuiteRunner.privateRun(SuiteRunner.java:319)
	at org.testng.SuiteRunner.run(SuiteRunner.java:268)
	at org.testng.SuiteRunnerWorker.runSuite(SuiteRunnerWorker.java:52)
	at org.testng.SuiteRunnerWorker.run(SuiteRunnerWorker.java:86)
	at org.testng.TestNG.runSuitesSequentially(TestNG.java:1244)
	at org.testng.TestNG.runSuitesLocally(TestNG.java:1169)
	at org.testng.TestNG.run(TestNG.java:1064)
	at org.apache.maven.surefire.testng.TestNGExecutor.run(TestNGExecutor.java:178)
	at org.apache.maven.surefire.testng.TestNGXmlTestSuite.execute(TestNGXmlTestSuite.java:92)
	at org.apache.maven.surefire.testng.TestNGProvider.invoke(TestNGProvider.java:96)
	at sun.reflect.NativeMethodAccessorImpl.invoke0(Native Method)
	at sun.reflect.NativeMethodAccessorImpl.invoke(NativeMethodAccessorImpl.java:62)
	at sun.reflect.DelegatingMethodAccessorImpl.invoke(DelegatingMethodAccessorImpl.java:43)
	at java.lang.reflect.Method.invoke(Method.java:498)
	at org.apache.maven.surefire.util.ReflectionUtils.invokeMethodWithArray2(ReflectionUtils.java:208)
	at org.apache.maven.surefire.booter.ProviderFactory$ProviderProxy.invoke(ProviderFactory.java:159)
	at org.apache.maven.surefire.booter.ProviderFactory.invokeProvider(ProviderFactory.java:87)
	at org.apache.maven.surefire.booter.ForkedBooter.runSuitesInProcess(ForkedBooter.java:153)
	at org.apache.maven.surefire.booter.ForkedBooter.main(ForkedBooter.java:95)
]]>
            </full-stacktrace>
          </exception> <!-- java.lang.AssertionError -->
          <reporter-output>
          </reporter-output>
        </test-method> <!-- MultipleManualPrescanInvoiceEntry -->
        <test-method status="PASS" signature="tearDownClass()[pri:0, instance:test.java.PrescanManualInvoicesTest@27ce24aa]" name="tearDownClass" is-config="true" duration-ms="0" started-at="2016-09-08T18:13:10Z" finished-at="2016-09-08T18:13:10Z">
          <reporter-output>
          </reporter-output>
        </test-method> <!-- tearDownClass -->
        <test-method status="PASS" signature="afterTestCase()[pri:0, instance:test.java.PrescanManualInvoicesTest@27ce24aa]" name="afterTestCase" is-config="true" duration-ms="0" started-at="2016-09-08T18:13:10Z" finished-at="2016-09-08T18:13:10Z">
          <reporter-output>
          </reporter-output>
        </test-method> <!-- afterTestCase -->
        <test-method status="PASS" signature="tearDownTest()[pri:0, instance:test.java.PrescanManualInvoicesTest@27ce24aa]" name="tearDownTest" is-config="true" duration-ms="515" started-at="2016-09-08T18:13:10Z" finished-at="2016-09-08T18:13:10Z">
          <reporter-output>
          </reporter-output>
        </test-method> <!-- tearDownTest -->
        <test-method status="PASS" signature="tearDownSuite()[pri:0, instance:test.java.PrescanManualInvoicesTest@27ce24aa]" name="tearDownSuite" is-config="true" duration-ms="50" started-at="2016-09-08T18:13:10Z" finished-at="2016-09-08T18:13:10Z">
          <reporter-output>
          </reporter-output>
        </test-method> <!-- tearDownSuite -->
      </class> <!-- test.java.PrescanManualInvoicesTest -->
    </test> <!-- Prescan Manual Invoices -->
  </suite> <!-- REGRESSION SUITE -->
</testng-results>
